2025-07-08 18:36:58,484 INFO o.a.j.u.JMeterUtils: Setting Locale to en_EN
2025-07-08 18:36:58,499 INFO o.a.j.JMeter: Loading user properties from: /opt/homebrew/Cellar/jmeter/5.6.3/libexec/bin/user.properties
2025-07-08 18:36:58,499 INFO o.a.j.JMeter: Loading system properties from: /opt/homebrew/Cellar/jmeter/5.6.3/libexec/bin/system.properties
2025-07-08 18:36:58,499 INFO o.a.j.JMeter: Setting JMeter property: loops=1000
2025-07-08 18:36:58,503 INFO o.a.j.JMeter: Copyright (c) 1998-2024 The Apache Software Foundation
2025-07-08 18:36:58,503 INFO o.a.j.JMeter: Version 5.6.3
2025-07-08 18:36:58,503 INFO o.a.j.JMeter: java.version=21.0.7
2025-07-08 18:36:58,503 INFO o.a.j.JMeter: java.vm.name=OpenJDK 64-Bit Server VM
2025-07-08 18:36:58,503 INFO o.a.j.JMeter: os.name=Mac OS X
2025-07-08 18:36:58,503 INFO o.a.j.JMeter: os.arch=aarch64
2025-07-08 18:36:58,503 INFO o.a.j.JMeter: os.version=15.5
2025-07-08 18:36:58,503 INFO o.a.j.JMeter: file.encoding=UTF-8
2025-07-08 18:36:58,503 INFO o.a.j.JMeter: java.awt.headless=true
2025-07-08 18:36:58,503 INFO o.a.j.JMeter: Max memory     =1073741824
2025-07-08 18:36:58,503 INFO o.a.j.JMeter: Available Processors =8
2025-07-08 18:36:58,510 INFO o.a.j.JMeter: Default Locale=English (EN)
2025-07-08 18:36:58,510 INFO o.a.j.JMeter: JMeter  Locale=English (EN)
2025-07-08 18:36:58,510 INFO o.a.j.JMeter: JMeterHome=/opt/homebrew/Cellar/jmeter/5.6.3/libexec
2025-07-08 18:36:58,510 INFO o.a.j.JMeter: user.dir  =/Users/ansumannayak/PW_HandsOn/PW_Assignment/Integration_Test
2025-07-08 18:36:58,511 INFO o.a.j.JMeter: PWD       =/Users/ansumannayak/PW_HandsOn/PW_Assignment/Integration_Test
2025-07-08 18:36:58,513 INFO o.a.j.JMeter: IP: 127.0.0.1 Name: Ansumans-MacBook-Air.local FullName: localhost
2025-07-08 18:36:58,520 INFO o.a.j.JMeter: Setting property 'jmeter.reportgenerator.outputdir' to:'/Users/ansumannayak/PW_HandsOn/PW_Assignment/Integration_Test/jmeter/report_v2'
2025-07-08 18:36:58,521 INFO o.a.j.s.FileServer: Default base='/Users/ansumannayak/PW_HandsOn/PW_Assignment/Integration_Test'
2025-07-08 18:36:58,524 INFO o.a.j.s.FileServer: Set new base='/Users/ansumannayak/PW_HandsOn/PW_Assignment/Integration_Test/jmeter'
2025-07-08 18:36:58,644 INFO o.a.j.s.SaveService: Testplan (JMX) version: 2.2. Testlog (JTL) version: 2.2
2025-07-08 18:36:58,670 INFO o.a.j.s.SaveService: Using SaveService properties version 5.0
2025-07-08 18:36:58,671 INFO o.a.j.s.SaveService: Using SaveService properties file encoding UTF-8
2025-07-08 18:36:58,673 INFO o.a.j.s.SaveService: Loading file: jmeter/load_test.jmx
2025-07-08 18:36:58,708 INFO o.a.j.p.h.s.HTTPSamplerBase: Parser for text/html is org.apache.jmeter.protocol.http.parser.LagartoBasedHtmlParser
2025-07-08 18:36:58,709 INFO o.a.j.p.h.s.HTTPSamplerBase: Parser for application/xhtml+xml is org.apache.jmeter.protocol.http.parser.LagartoBasedHtmlParser
2025-07-08 18:36:58,709 INFO o.a.j.p.h.s.HTTPSamplerBase: Parser for application/xml is org.apache.jmeter.protocol.http.parser.LagartoBasedHtmlParser
2025-07-08 18:36:58,709 INFO o.a.j.p.h.s.HTTPSamplerBase: Parser for text/xml is org.apache.jmeter.protocol.http.parser.LagartoBasedHtmlParser
2025-07-08 18:36:58,709 INFO o.a.j.p.h.s.HTTPSamplerBase: Parser for text/vnd.wap.wml is org.apache.jmeter.protocol.http.parser.RegexpHTMLParser
2025-07-08 18:36:58,709 INFO o.a.j.p.h.s.HTTPSamplerBase: Parser for text/css is org.apache.jmeter.protocol.http.parser.CssParser
2025-07-08 18:36:58,726 INFO o.a.j.JMeter: Creating summariser <summary>
2025-07-08 18:36:58,728 INFO o.a.j.r.d.ReportGenerator: ReportGenerator will use for Parsing the separator: ','
2025-07-08 18:36:58,728 INFO o.a.j.r.d.ReportGenerator: Will generate report at end of test from  results file: jmeter/results.jtl
2025-07-08 18:36:58,728 INFO o.a.j.r.d.ReportGenerator: Reading report generator properties from: /opt/homebrew/Cellar/jmeter/5.6.3/libexec/bin/reportgenerator.properties
2025-07-08 18:36:58,729 INFO o.a.j.r.d.ReportGenerator: Merging with JMeter properties
2025-07-08 18:36:58,731 INFO o.a.j.r.c.ReportGeneratorConfiguration: Property 'jmeter.reportgenerator.temp_dir' not found, using default value 'temp' instead.
2025-07-08 18:36:58,732 INFO o.a.j.r.c.ReportGeneratorConfiguration: Property 'jmeter.reportgenerator.apdex_per_transaction' not found, using default value 'null' instead.
2025-07-08 18:36:58,732 INFO o.a.j.r.c.ReportGeneratorConfiguration: apdex_per_transaction is empty, not APDEX per transaction customization
2025-07-08 18:36:58,732 INFO o.a.j.r.c.ReportGeneratorConfiguration: Property 'jmeter.reportgenerator.sample_filter' not found, using default value 'null' instead.
2025-07-08 18:36:58,732 INFO o.a.j.r.c.ReportGeneratorConfiguration: Property 'jmeter.reportgenerator.report_title' not found, using default value 'null' instead.
2025-07-08 18:36:58,732 INFO o.a.j.r.c.ReportGeneratorConfiguration: Property 'jmeter.reportgenerator.start_date' not found, using default value 'null' instead.
2025-07-08 18:36:58,732 INFO o.a.j.r.c.ReportGeneratorConfiguration: Property 'jmeter.reportgenerator.end_date' not found, using default value 'null' instead.
2025-07-08 18:36:58,732 INFO o.a.j.r.c.ReportGeneratorConfiguration: Property 'jmeter.reportgenerator.date_format' not found, using default value 'null' instead.
2025-07-08 18:36:58,732 INFO o.a.j.r.c.ReportGeneratorConfiguration: Will use date range start date: null, end date: null
2025-07-08 18:36:58,734 INFO o.a.j.r.c.ReportGeneratorConfiguration: Property 'jmeter.reportgenerator.graph.totalTPS.exclude_controllers' not found, using default value 'false' instead.
2025-07-08 18:36:58,734 INFO o.a.j.r.c.ReportGeneratorConfiguration: Property 'jmeter.reportgenerator.graph.activeThreadsOverTime.exclude_controllers' not found, using default value 'false' instead.
2025-07-08 18:36:58,734 INFO o.a.j.r.c.ReportGeneratorConfiguration: Property 'jmeter.reportgenerator.graph.timeVsThreads.exclude_controllers' not found, using default value 'false' instead.
2025-07-08 18:36:58,735 INFO o.a.j.r.c.ReportGeneratorConfiguration: Property 'jmeter.reportgenerator.graph.responseTimeDistribution.exclude_controllers' not found, using default value 'false' instead.
2025-07-08 18:36:58,735 INFO o.a.j.r.c.ReportGeneratorConfiguration: Property 'jmeter.reportgenerator.graph.transactionsPerSecond.exclude_controllers' not found, using default value 'false' instead.
2025-07-08 18:36:58,735 INFO o.a.j.r.c.ReportGeneratorConfiguration: Property 'jmeter.reportgenerator.graph.responseTimePercentiles.exclude_controllers' not found, using default value 'false' instead.
2025-07-08 18:36:58,735 INFO o.a.j.r.c.ReportGeneratorConfiguration: Property 'jmeter.reportgenerator.graph.responseTimePercentilesOverTime.exclude_controllers' not found, using default value 'false' instead.
2025-07-08 18:36:58,735 INFO o.a.j.r.c.ReportGeneratorConfiguration: Property 'jmeter.reportgenerator.graph.responseTimesOverTime.exclude_controllers' not found, using default value 'false' instead.
2025-07-08 18:36:58,735 INFO o.a.j.r.c.ReportGeneratorConfiguration: Property 'jmeter.reportgenerator.graph.connectTimeOverTime.exclude_controllers' not found, using default value 'false' instead.
2025-07-08 18:36:58,735 INFO o.a.j.r.c.ReportGeneratorConfiguration: Property 'jmeter.reportgenerator.graph.latenciesOverTime.exclude_controllers' not found, using default value 'false' instead.
2025-07-08 18:36:58,735 INFO o.a.j.r.c.ReportGeneratorConfiguration: Property 'jmeter.reportgenerator.exporter.json.filters_only_sample_series' not found, using default value 'true' instead.
2025-07-08 18:36:58,735 INFO o.a.j.r.c.ReportGeneratorConfiguration: Property 'jmeter.reportgenerator.exporter.json.series_filter' not found, using default value '' instead.
2025-07-08 18:36:58,735 INFO o.a.j.r.c.ReportGeneratorConfiguration: Property 'jmeter.reportgenerator.exporter.json.show_controllers_only' not found, using default value 'false' instead.
2025-07-08 18:36:58,735 INFO o.a.j.r.c.ReportGeneratorConfiguration: Property 'jmeter.reportgenerator.exporter.html.filters_only_sample_series' not found, using default value 'true' instead.
2025-07-08 18:36:58,736 INFO o.a.j.r.c.ReportGeneratorConfiguration: Property 'jmeter.reportgenerator.exporter.html.series_filter' not found, using default value '' instead.
2025-07-08 18:36:58,736 INFO o.a.j.r.c.ReportGeneratorConfiguration: Property 'jmeter.reportgenerator.exporter.html.show_controllers_only' not found, using default value 'false' instead.
2025-07-08 18:36:58,743 INFO o.a.j.e.StandardJMeterEngine: Running the test!
2025-07-08 18:36:58,743 INFO o.a.j.s.SampleEvent: List of sample_variables: []
2025-07-08 18:36:58,743 INFO o.a.j.s.SampleEvent: List of sample_variables: []
2025-07-08 18:36:58,745 INFO o.a.j.e.u.CompoundVariable: Note: Function class names must contain the string: '.functions.'
2025-07-08 18:36:58,746 INFO o.a.j.e.u.CompoundVariable: Note: Function class names must not contain the string: '.gui.'
2025-07-08 18:36:58,780 INFO o.a.j.r.ClassFinder: Will scan jar /opt/homebrew/Cellar/jmeter/5.6.3/libexec/lib/ext/jmeter-plugins-manager-1.9.jar with filter ExtendsClassFilter [parents=[interface org.apache.jmeter.functions.Function], inner=false, contains=null, notContains=null]. Consider exposing JMeter plugins via META-INF/services, and add JMeter-Skip-Class-Scanning=true manifest attribute so JMeter can skip classfile scanning
2025-07-08 18:36:58,836 INFO o.a.j.JMeter: Running test (1751980018835)
2025-07-08 18:36:58,848 INFO o.a.j.e.StandardJMeterEngine: Starting ThreadGroup: 1 : Thread Group
2025-07-08 18:36:58,848 INFO o.a.j.e.StandardJMeterEngine: Starting 50 threads for group Thread Group.
2025-07-08 18:36:58,848 INFO o.a.j.e.StandardJMeterEngine: Thread will continue on error
2025-07-08 18:36:58,849 INFO o.a.j.t.ThreadGroup: Starting thread group... number=1 threads=50 ramp-up=10 delayedStart=false
2025-07-08 18:36:58,852 INFO o.a.j.t.JMeterThread: Thread started: Thread Group 1-1
2025-07-08 18:36:58,861 INFO o.a.j.t.ThreadGroup: Started thread group number 1
2025-07-08 18:36:58,861 INFO o.a.j.e.StandardJMeterEngine: All thread groups have been started
2025-07-08 18:36:58,865 INFO o.a.j.p.h.s.HTTPHCAbstractImpl: Local host = Ansumans-MacBook-Air.local
2025-07-08 18:36:58,868 INFO o.a.j.p.h.s.HTTPHC4Impl: HTTP request retry count = 0
2025-07-08 18:36:58,869 INFO o.a.j.s.SampleResult: Note: Sample TimeStamps are START times
2025-07-08 18:36:58,869 INFO o.a.j.s.SampleResult: sampleresult.default.encoding is set to UTF-8
2025-07-08 18:36:58,869 INFO o.a.j.s.SampleResult: sampleresult.useNanoTime=true
2025-07-08 18:36:58,869 INFO o.a.j.s.SampleResult: sampleresult.nanoThreadSleep=5000
2025-07-08 18:36:59,056 INFO o.a.j.t.JMeterThread: Thread started: Thread Group 1-2
2025-07-08 18:36:59,251 INFO o.a.j.t.JMeterThread: Thread started: Thread Group 1-3
2025-07-08 18:36:59,273 INFO o.a.j.t.JMeterThread: Thread is done: Thread Group 1-2
2025-07-08 18:36:59,273 INFO o.a.j.t.JMeterThread: Thread finished: Thread Group 1-2
2025-07-08 18:36:59,273 INFO o.a.j.t.JMeterThread: Thread is done: Thread Group 1-1
2025-07-08 18:36:59,273 INFO o.a.j.t.JMeterThread: Thread finished: Thread Group 1-1
2025-07-08 18:36:59,299 INFO o.a.j.t.JMeterThread: Thread is done: Thread Group 1-3
2025-07-08 18:36:59,299 INFO o.a.j.t.JMeterThread: Thread finished: Thread Group 1-3
2025-07-08 18:36:59,450 INFO o.a.j.t.JMeterThread: Thread started: Thread Group 1-4
2025-07-08 18:36:59,495 INFO o.a.j.t.JMeterThread: Thread is done: Thread Group 1-4
2025-07-08 18:36:59,495 INFO o.a.j.t.JMeterThread: Thread finished: Thread Group 1-4
2025-07-08 18:36:59,655 INFO o.a.j.t.JMeterThread: Thread started: Thread Group 1-5
2025-07-08 18:36:59,697 INFO o.a.j.t.JMeterThread: Thread is done: Thread Group 1-5
2025-07-08 18:36:59,698 INFO o.a.j.t.JMeterThread: Thread finished: Thread Group 1-5
2025-07-08 18:36:59,855 INFO o.a.j.t.JMeterThread: Thread started: Thread Group 1-6
2025-07-08 18:36:59,903 INFO o.a.j.t.JMeterThread: Thread is done: Thread Group 1-6
2025-07-08 18:36:59,903 INFO o.a.j.t.JMeterThread: Thread finished: Thread Group 1-6
2025-07-08 18:37:00,051 INFO o.a.j.t.JMeterThread: Thread started: Thread Group 1-7
2025-07-08 18:37:00,062 INFO o.a.j.r.Summariser: summary +     31 in 00:00:01 =   25.3/s Avg:    24 Min:     5 Max:   316 Err:     0 (0.00%) Active: 1 Started: 7 Finished: 6
2025-07-08 18:37:00,089 INFO o.a.j.t.JMeterThread: Thread is done: Thread Group 1-7
2025-07-08 18:37:00,090 INFO o.a.j.t.JMeterThread: Thread finished: Thread Group 1-7
2025-07-08 18:37:00,254 INFO o.a.j.t.JMeterThread: Thread started: Thread Group 1-8
2025-07-08 18:37:00,300 INFO o.a.j.t.JMeterThread: Thread is done: Thread Group 1-8
2025-07-08 18:37:00,300 INFO o.a.j.t.JMeterThread: Thread finished: Thread Group 1-8
2025-07-08 18:37:00,455 INFO o.a.j.t.JMeterThread: Thread started: Thread Group 1-9
2025-07-08 18:37:00,510 INFO o.a.j.t.JMeterThread: Thread is done: Thread Group 1-9
2025-07-08 18:37:00,511 INFO o.a.j.t.JMeterThread: Thread finished: Thread Group 1-9
2025-07-08 18:37:00,654 INFO o.a.j.t.JMeterThread: Thread started: Thread Group 1-10
2025-07-08 18:37:00,713 INFO o.a.j.t.JMeterThread: Thread is done: Thread Group 1-10
2025-07-08 18:37:00,713 INFO o.a.j.t.JMeterThread: Thread finished: Thread Group 1-10
2025-07-08 18:37:00,854 INFO o.a.j.t.JMeterThread: Thread started: Thread Group 1-11
2025-07-08 18:37:00,916 INFO o.a.j.t.JMeterThread: Thread is done: Thread Group 1-11
2025-07-08 18:37:00,916 INFO o.a.j.t.JMeterThread: Thread finished: Thread Group 1-11
2025-07-08 18:37:01,055 INFO o.a.j.t.JMeterThread: Thread started: Thread Group 1-12
2025-07-08 18:37:01,113 INFO o.a.j.t.JMeterThread: Thread is done: Thread Group 1-12
2025-07-08 18:37:01,113 INFO o.a.j.t.JMeterThread: Thread finished: Thread Group 1-12
2025-07-08 18:37:01,255 INFO o.a.j.t.JMeterThread: Thread started: Thread Group 1-13
2025-07-08 18:37:01,299 INFO o.a.j.t.JMeterThread: Thread is done: Thread Group 1-13
2025-07-08 18:37:01,299 INFO o.a.j.t.JMeterThread: Thread finished: Thread Group 1-13
2025-07-08 18:37:01,456 INFO o.a.j.t.JMeterThread: Thread started: Thread Group 1-14
2025-07-08 18:37:01,513 INFO o.a.j.t.JMeterThread: Thread is done: Thread Group 1-14
2025-07-08 18:37:01,513 INFO o.a.j.t.JMeterThread: Thread finished: Thread Group 1-14
2025-07-08 18:37:01,653 INFO o.a.j.t.JMeterThread: Thread started: Thread Group 1-15
2025-07-08 18:37:01,726 INFO o.a.j.t.JMeterThread: Thread is done: Thread Group 1-15
2025-07-08 18:37:01,726 INFO o.a.j.t.JMeterThread: Thread finished: Thread Group 1-15
2025-07-08 18:37:01,849 INFO o.a.j.t.JMeterThread: Thread started: Thread Group 1-16
2025-07-08 18:37:01,897 INFO o.a.j.t.JMeterThread: Thread is done: Thread Group 1-16
2025-07-08 18:37:01,897 INFO o.a.j.t.JMeterThread: Thread finished: Thread Group 1-16
2025-07-08 18:37:02,050 INFO o.a.j.t.JMeterThread: Thread started: Thread Group 1-17
2025-07-08 18:37:02,091 INFO o.a.j.t.JMeterThread: Thread is done: Thread Group 1-17
2025-07-08 18:37:02,091 INFO o.a.j.t.JMeterThread: Thread finished: Thread Group 1-17
2025-07-08 18:37:02,253 INFO o.a.j.t.JMeterThread: Thread started: Thread Group 1-18
2025-07-08 18:37:02,303 INFO o.a.j.t.JMeterThread: Thread is done: Thread Group 1-18
2025-07-08 18:37:02,303 INFO o.a.j.t.JMeterThread: Thread finished: Thread Group 1-18
2025-07-08 18:37:02,455 INFO o.a.j.t.JMeterThread: Thread started: Thread Group 1-19
2025-07-08 18:37:02,504 INFO o.a.j.t.JMeterThread: Thread is done: Thread Group 1-19
2025-07-08 18:37:02,504 INFO o.a.j.t.JMeterThread: Thread finished: Thread Group 1-19
2025-07-08 18:37:02,651 INFO o.a.j.t.JMeterThread: Thread started: Thread Group 1-20
2025-07-08 18:37:02,704 INFO o.a.j.t.JMeterThread: Thread is done: Thread Group 1-20
2025-07-08 18:37:02,704 INFO o.a.j.t.JMeterThread: Thread finished: Thread Group 1-20
2025-07-08 18:37:02,850 INFO o.a.j.t.JMeterThread: Thread started: Thread Group 1-21
2025-07-08 18:37:02,901 INFO o.a.j.t.JMeterThread: Thread is done: Thread Group 1-21
2025-07-08 18:37:02,901 INFO o.a.j.t.JMeterThread: Thread finished: Thread Group 1-21
2025-07-08 18:37:03,054 INFO o.a.j.t.JMeterThread: Thread started: Thread Group 1-22
2025-07-08 18:37:03,107 INFO o.a.j.t.JMeterThread: Thread is done: Thread Group 1-22
2025-07-08 18:37:03,107 INFO o.a.j.t.JMeterThread: Thread finished: Thread Group 1-22
2025-07-08 18:37:03,255 INFO o.a.j.t.JMeterThread: Thread started: Thread Group 1-23
2025-07-08 18:37:03,301 INFO o.a.j.t.JMeterThread: Thread is done: Thread Group 1-23
2025-07-08 18:37:03,301 INFO o.a.j.t.JMeterThread: Thread finished: Thread Group 1-23
2025-07-08 18:37:03,451 INFO o.a.j.t.JMeterThread: Thread started: Thread Group 1-24
2025-07-08 18:37:03,497 INFO o.a.j.t.JMeterThread: Thread is done: Thread Group 1-24
2025-07-08 18:37:03,497 INFO o.a.j.t.JMeterThread: Thread finished: Thread Group 1-24
2025-07-08 18:37:03,650 INFO o.a.j.t.JMeterThread: Thread started: Thread Group 1-25
2025-07-08 18:37:03,689 INFO o.a.j.t.JMeterThread: Thread is done: Thread Group 1-25
2025-07-08 18:37:03,689 INFO o.a.j.t.JMeterThread: Thread finished: Thread Group 1-25
2025-07-08 18:37:03,854 INFO o.a.j.t.JMeterThread: Thread started: Thread Group 1-26
2025-07-08 18:37:03,901 INFO o.a.j.t.JMeterThread: Thread is done: Thread Group 1-26
2025-07-08 18:37:03,901 INFO o.a.j.t.JMeterThread: Thread finished: Thread Group 1-26
2025-07-08 18:37:04,054 INFO o.a.j.t.JMeterThread: Thread started: Thread Group 1-27
2025-07-08 18:37:04,155 INFO o.a.j.t.JMeterThread: Thread is done: Thread Group 1-27
2025-07-08 18:37:04,155 INFO o.a.j.t.JMeterThread: Thread finished: Thread Group 1-27
2025-07-08 18:37:04,255 INFO o.a.j.t.JMeterThread: Thread started: Thread Group 1-28
2025-07-08 18:37:04,314 INFO o.a.j.t.JMeterThread: Thread is done: Thread Group 1-28
2025-07-08 18:37:04,314 INFO o.a.j.t.JMeterThread: Thread finished: Thread Group 1-28
2025-07-08 18:37:04,455 INFO o.a.j.t.JMeterThread: Thread started: Thread Group 1-29
2025-07-08 18:37:04,487 INFO o.a.j.t.JMeterThread: Thread is done: Thread Group 1-29
2025-07-08 18:37:04,487 INFO o.a.j.t.JMeterThread: Thread finished: Thread Group 1-29
2025-07-08 18:37:04,654 INFO o.a.j.t.JMeterThread: Thread started: Thread Group 1-30
2025-07-08 18:37:04,702 INFO o.a.j.t.JMeterThread: Thread is done: Thread Group 1-30
2025-07-08 18:37:04,702 INFO o.a.j.t.JMeterThread: Thread finished: Thread Group 1-30
2025-07-08 18:37:04,851 INFO o.a.j.t.JMeterThread: Thread started: Thread Group 1-31
2025-07-08 18:37:04,902 INFO o.a.j.t.JMeterThread: Thread is done: Thread Group 1-31
2025-07-08 18:37:04,903 INFO o.a.j.t.JMeterThread: Thread finished: Thread Group 1-31
2025-07-08 18:37:05,055 INFO o.a.j.t.JMeterThread: Thread started: Thread Group 1-32
2025-07-08 18:37:05,092 INFO o.a.j.t.JMeterThread: Thread is done: Thread Group 1-32
2025-07-08 18:37:05,093 INFO o.a.j.t.JMeterThread: Thread finished: Thread Group 1-32
2025-07-08 18:37:05,250 INFO o.a.j.t.JMeterThread: Thread started: Thread Group 1-33
2025-07-08 18:37:05,315 INFO o.a.j.t.JMeterThread: Thread is done: Thread Group 1-33
2025-07-08 18:37:05,316 INFO o.a.j.t.JMeterThread: Thread finished: Thread Group 1-33
2025-07-08 18:37:05,455 INFO o.a.j.t.JMeterThread: Thread started: Thread Group 1-34
2025-07-08 18:37:05,504 INFO o.a.j.t.JMeterThread: Thread is done: Thread Group 1-34
2025-07-08 18:37:05,504 INFO o.a.j.t.JMeterThread: Thread finished: Thread Group 1-34
2025-07-08 18:37:05,654 INFO o.a.j.t.JMeterThread: Thread started: Thread Group 1-35
2025-07-08 18:37:05,702 INFO o.a.j.t.JMeterThread: Thread is done: Thread Group 1-35
2025-07-08 18:37:05,702 INFO o.a.j.t.JMeterThread: Thread finished: Thread Group 1-35
2025-07-08 18:37:05,856 INFO o.a.j.t.JMeterThread: Thread started: Thread Group 1-36
2025-07-08 18:37:05,895 INFO o.a.j.t.JMeterThread: Thread is done: Thread Group 1-36
2025-07-08 18:37:05,895 INFO o.a.j.t.JMeterThread: Thread finished: Thread Group 1-36
2025-07-08 18:37:06,063 INFO o.a.j.t.JMeterThread: Thread started: Thread Group 1-37
2025-07-08 18:37:06,108 INFO o.a.j.t.JMeterThread: Thread is done: Thread Group 1-37
2025-07-08 18:37:06,108 INFO o.a.j.t.JMeterThread: Thread finished: Thread Group 1-37
2025-07-08 18:37:06,249 INFO o.a.j.t.JMeterThread: Thread started: Thread Group 1-38
2025-07-08 18:37:06,289 INFO o.a.j.t.JMeterThread: Thread is done: Thread Group 1-38
2025-07-08 18:37:06,290 INFO o.a.j.t.JMeterThread: Thread finished: Thread Group 1-38
2025-07-08 18:37:06,454 INFO o.a.j.t.JMeterThread: Thread started: Thread Group 1-39
2025-07-08 18:37:06,509 INFO o.a.j.t.JMeterThread: Thread is done: Thread Group 1-39
2025-07-08 18:37:06,509 INFO o.a.j.t.JMeterThread: Thread finished: Thread Group 1-39
2025-07-08 18:37:06,654 INFO o.a.j.t.JMeterThread: Thread started: Thread Group 1-40
2025-07-08 18:37:06,716 INFO o.a.j.t.JMeterThread: Thread is done: Thread Group 1-40
2025-07-08 18:37:06,716 INFO o.a.j.t.JMeterThread: Thread finished: Thread Group 1-40
2025-07-08 18:37:06,854 INFO o.a.j.t.JMeterThread: Thread started: Thread Group 1-41
2025-07-08 18:37:06,913 INFO o.a.j.t.JMeterThread: Thread is done: Thread Group 1-41
2025-07-08 18:37:06,913 INFO o.a.j.t.JMeterThread: Thread finished: Thread Group 1-41
2025-07-08 18:37:07,054 INFO o.a.j.t.JMeterThread: Thread started: Thread Group 1-42
2025-07-08 18:37:07,115 INFO o.a.j.t.JMeterThread: Thread is done: Thread Group 1-42
2025-07-08 18:37:07,115 INFO o.a.j.t.JMeterThread: Thread finished: Thread Group 1-42
2025-07-08 18:37:07,250 INFO o.a.j.t.JMeterThread: Thread started: Thread Group 1-43
2025-07-08 18:37:07,367 INFO o.a.j.t.JMeterThread: Thread is done: Thread Group 1-43
2025-07-08 18:37:07,367 INFO o.a.j.t.JMeterThread: Thread finished: Thread Group 1-43
2025-07-08 18:37:07,453 INFO o.a.j.t.JMeterThread: Thread started: Thread Group 1-44
2025-07-08 18:37:07,502 INFO o.a.j.t.JMeterThread: Thread is done: Thread Group 1-44
2025-07-08 18:37:07,502 INFO o.a.j.t.JMeterThread: Thread finished: Thread Group 1-44
2025-07-08 18:37:07,661 INFO o.a.j.t.JMeterThread: Thread started: Thread Group 1-45
2025-07-08 18:37:07,709 INFO o.a.j.t.JMeterThread: Thread is done: Thread Group 1-45
2025-07-08 18:37:07,709 INFO o.a.j.t.JMeterThread: Thread finished: Thread Group 1-45
2025-07-08 18:37:07,855 INFO o.a.j.t.JMeterThread: Thread started: Thread Group 1-46
2025-07-08 18:37:07,909 INFO o.a.j.t.JMeterThread: Thread is done: Thread Group 1-46
2025-07-08 18:37:07,909 INFO o.a.j.t.JMeterThread: Thread finished: Thread Group 1-46
2025-07-08 18:37:08,055 INFO o.a.j.t.JMeterThread: Thread started: Thread Group 1-47
2025-07-08 18:37:08,106 INFO o.a.j.t.JMeterThread: Thread is done: Thread Group 1-47
2025-07-08 18:37:08,106 INFO o.a.j.t.JMeterThread: Thread finished: Thread Group 1-47
2025-07-08 18:37:08,254 INFO o.a.j.t.JMeterThread: Thread started: Thread Group 1-48
2025-07-08 18:37:08,311 INFO o.a.j.t.JMeterThread: Thread is done: Thread Group 1-48
2025-07-08 18:37:08,312 INFO o.a.j.t.JMeterThread: Thread finished: Thread Group 1-48
2025-07-08 18:37:08,455 INFO o.a.j.t.JMeterThread: Thread started: Thread Group 1-49
2025-07-08 18:37:08,511 INFO o.a.j.t.JMeterThread: Thread is done: Thread Group 1-49
2025-07-08 18:37:08,511 INFO o.a.j.t.JMeterThread: Thread finished: Thread Group 1-49
2025-07-08 18:37:08,655 INFO o.a.j.t.JMeterThread: Thread started: Thread Group 1-50
2025-07-08 18:37:08,711 INFO o.a.j.t.JMeterThread: Thread is done: Thread Group 1-50
2025-07-08 18:37:08,711 INFO o.a.j.t.JMeterThread: Thread finished: Thread Group 1-50
2025-07-08 18:37:08,711 INFO o.a.j.e.StandardJMeterEngine: Notifying test listeners of end of test
2025-07-08 18:37:08,713 INFO o.a.j.r.Summariser: summary +    219 in 00:00:09 =   25.3/s Avg:     9 Min:     5 Max:    53 Err:     0 (0.00%) Active: 0 Started: 50 Finished: 50
2025-07-08 18:37:08,713 INFO o.a.j.r.Summariser: summary =    250 in 00:00:10 =   25.3/s Avg:    11 Min:     5 Max:   316 Err:     0 (0.00%)
2025-07-08 18:37:08,714 INFO o.a.j.JMeter: Generating Dashboard
2025-07-08 18:37:08,714 INFO o.a.j.r.d.ReportGenerator: Flushing result collector before report Generation
2025-07-08 18:37:08,736 INFO o.a.j.r.p.NormalizerSampleConsumer: Using format, 'ms', to parse timeStamp field
2025-07-08 18:37:08,796 INFO o.a.j.r.p.AbstractSampleConsumer: class org.apache.jmeter.report.processor.AggregateConsumer#stopProducing(): beginDate produced 0 samples
2025-07-08 18:37:08,797 INFO o.a.j.r.p.AbstractSampleConsumer: class org.apache.jmeter.report.processor.AggregateConsumer#stopProducing(): endDate produced 0 samples
2025-07-08 18:37:08,798 INFO o.a.j.r.p.AbstractSampleConsumer: class org.apache.jmeter.report.processor.ApdexSummaryConsumer#stopProducing(): apdexSummary produced 0 samples
2025-07-08 18:37:08,798 INFO o.a.j.r.p.AbstractSampleConsumer: class org.apache.jmeter.report.processor.RequestsSummaryConsumer#stopProducing(): requestsSummary produced 0 samples
2025-07-08 18:37:08,800 INFO o.a.j.r.p.AbstractSampleConsumer: class org.apache.jmeter.report.processor.StatisticsSummaryConsumer#stopProducing(): statisticsSummary produced 0 samples
2025-07-08 18:37:08,801 INFO o.a.j.r.p.AbstractSampleConsumer: class org.apache.jmeter.report.processor.Top5ErrorsBySamplerConsumer#stopProducing(): top5ErrorsBySampler produced 0 samples
2025-07-08 18:37:08,801 INFO o.a.j.r.p.AbstractSampleConsumer: class org.apache.jmeter.report.processor.ErrorsSummaryConsumer#stopProducing(): errorsSummary produced 0 samples
2025-07-08 18:37:08,801 INFO o.a.j.r.p.AbstractSampleConsumer: class org.apache.jmeter.report.processor.graph.impl.HitsPerSecondGraphConsumer#stopProducing(): hitsPerSecond produced 0 samples
2025-07-08 18:37:08,811 INFO o.a.j.r.p.AbstractSampleConsumer: class org.apache.jmeter.report.processor.graph.impl.LatencyVSRequestGraphConsumer#stopProducing(): latencyVsRequest produced 0 samples
2025-07-08 18:37:08,811 INFO o.a.j.r.p.AbstractSampleConsumer: class org.apache.jmeter.report.processor.graph.impl.SyntheticResponseTimeDistributionGraphConsumer#stopProducing(): syntheticResponseTimeDistribution produced 0 samples
2025-07-08 18:37:08,812 INFO o.a.j.r.p.AbstractSampleConsumer: class org.apache.jmeter.report.processor.graph.impl.BytesThroughputGraphConsumer#stopProducing(): bytesThroughputOverTime produced 0 samples
2025-07-08 18:37:08,812 INFO o.a.j.r.p.AbstractSampleConsumer: class org.apache.jmeter.report.processor.graph.impl.CodesPerSecondGraphConsumer#stopProducing(): codesPerSecond produced 0 samples
2025-07-08 18:37:08,814 INFO o.a.j.r.p.AbstractSampleConsumer: class org.apache.jmeter.report.processor.graph.impl.ResponseTimeVSRequestGraphConsumer#stopProducing(): responseTimeVsRequest produced 0 samples
2025-07-08 18:37:08,814 INFO o.a.j.r.p.AbstractSampleConsumer: class org.apache.jmeter.report.processor.FilterConsumer#stopProducing(): startIntervalControlerFilter produced 1750 samples
2025-07-08 18:37:08,814 INFO o.a.j.r.p.AbstractSampleConsumer: class org.apache.jmeter.report.processor.graph.impl.TotalTPSGraphConsumer#stopProducing(): totalTPS produced 0 samples
2025-07-08 18:37:08,814 INFO o.a.j.r.p.AbstractSampleConsumer: class org.apache.jmeter.report.processor.graph.impl.ActiveThreadsGraphConsumer#stopProducing(): activeThreadsOverTime produced 0 samples
2025-07-08 18:37:08,814 INFO o.a.j.r.p.AbstractSampleConsumer: class org.apache.jmeter.report.processor.graph.impl.TimeVSThreadGraphConsumer#stopProducing(): timeVsThreads produced 0 samples
2025-07-08 18:37:08,814 INFO o.a.j.r.p.AbstractSampleConsumer: class org.apache.jmeter.report.processor.graph.impl.ResponseTimeDistributionGraphConsumer#stopProducing(): responseTimeDistribution produced 0 samples
2025-07-08 18:37:08,814 INFO o.a.j.r.p.AbstractSampleConsumer: class org.apache.jmeter.report.processor.graph.impl.TransactionsPerSecondGraphConsumer#stopProducing(): transactionsPerSecond produced 0 samples
2025-07-08 18:37:08,814 INFO o.a.j.r.p.AbstractSampleConsumer: class org.apache.jmeter.report.processor.graph.impl.ResponseTimePercentilesGraphConsumer#stopProducing(): responseTimePercentiles produced 0 samples
2025-07-08 18:37:08,815 INFO o.a.j.r.p.AbstractSampleConsumer: class org.apache.jmeter.report.processor.graph.impl.ResponseTimePercentilesOverTimeGraphConsumer#stopProducing(): responseTimePercentilesOverTime produced 0 samples
2025-07-08 18:37:08,815 INFO o.a.j.r.p.AbstractSampleConsumer: class org.apache.jmeter.report.processor.graph.impl.ResponseTimeOverTimeGraphConsumer#stopProducing(): responseTimesOverTime produced 0 samples
2025-07-08 18:37:08,815 INFO o.a.j.r.p.AbstractSampleConsumer: class org.apache.jmeter.report.processor.graph.impl.ConnectTimeOverTimeGraphConsumer#stopProducing(): connectTimeOverTime produced 0 samples
2025-07-08 18:37:08,815 INFO o.a.j.r.p.AbstractSampleConsumer: class org.apache.jmeter.report.processor.graph.impl.LatencyOverTimeGraphConsumer#stopProducing(): latenciesOverTime produced 0 samples
2025-07-08 18:37:08,815 INFO o.a.j.r.p.AbstractSampleConsumer: class org.apache.jmeter.report.processor.FilterConsumer#stopProducing(): nameFilter produced 3750 samples
2025-07-08 18:37:08,815 INFO o.a.j.r.p.AbstractSampleConsumer: class org.apache.jmeter.report.processor.FilterConsumer#stopProducing(): dateRangeFilter produced 750 samples
2025-07-08 18:37:08,815 INFO o.a.j.r.p.AbstractSampleConsumer: class org.apache.jmeter.report.processor.NormalizerSampleConsumer#stopProducing(): normalizer produced 250 samples
2025-07-08 18:37:08,816 INFO o.a.j.r.p.CsvFileSampleSource: produce(): 250 samples produced in 51ms on channel 0
2025-07-08 18:37:08,816 INFO o.a.j.r.d.ReportGenerator: Exporting data using exporter:'json' of className:'org.apache.jmeter.report.dashboard.JsonExporter'
2025-07-08 18:37:08,857 INFO o.a.j.r.d.JsonExporter: Found data for consumer statisticsSummary in context
2025-07-08 18:37:08,857 INFO o.a.j.r.d.JsonExporter: Creating statistics for overall
2025-07-08 18:37:08,857 INFO o.a.j.r.d.JsonExporter: Creating statistics for other transactions
2025-07-08 18:37:08,857 INFO o.a.j.r.d.JsonExporter: Checking output folder
2025-07-08 18:37:08,858 INFO o.a.j.r.d.JsonExporter: Writing statistics JSON to /Users/ansumannayak/PW_HandsOn/PW_Assignment/Integration_Test/jmeter/report_v2/statistics.json
2025-07-08 18:37:08,878 INFO o.a.j.r.d.ReportGenerator: Exporting data using exporter:'html' of className:'org.apache.jmeter.report.dashboard.HtmlTemplateExporter'
2025-07-08 18:37:08,880 INFO o.a.j.r.d.HtmlTemplateExporter: Will generate dashboard in folder: /Users/ansumannayak/PW_HandsOn/PW_Assignment/Integration_Test/jmeter/report_v2
2025-07-08 18:37:08,936 INFO o.a.j.r.d.HtmlTemplateExporter: Report will be generated in: /Users/ansumannayak/PW_HandsOn/PW_Assignment/Integration_Test/jmeter/report_v2, creating folder structure
2025-07-08 18:37:08,938 INFO o.a.j.r.d.TemplateVisitor: Copying folder from '/opt/homebrew/Cellar/jmeter/5.6.3/libexec/bin/report-template' to '/Users/ansumannayak/PW_HandsOn/PW_Assignment/Integration_Test/jmeter/report_v2', got message: /Users/ansumannayak/PW_HandsOn/PW_Assignment/Integration_Test/jmeter/report_v2, found non empty folder with following content [/Users/ansumannayak/PW_HandsOn/PW_Assignment/Integration_Test/jmeter/report_v2/statistics.json], will be ignored
2025-07-08 18:37:09,085 INFO o.a.j.JMeter: Dashboard generated
